------------------------------------------------------------------------------------------------------------------------

[2016-02-22 11:14:03 #1 store] 
Database '/Users/David/Google Drive/tacticalRPG/db/games.odb' is opened by 29650@Davids-MacBook-Pro-4.local

[2016-02-22 11:14:03 #2 type] 
Type tacticalRPG.game.Game is not enhanced.

[2016-02-22 11:14:03 #3 store] 
Database '/Users/David/Google Drive/tacticalRPG/db/games.odb' is closed by 29650@Davids-MacBook-Pro-4.local

------------------------------------------------------------------------------------------------------------------------

[2016-02-22 11:28:30 #1 store] 
Database '/Users/David/Google Drive/tacticalRPG/db/games.odb' is opened by 30222@Davids-MacBook-Pro-4.local

[2016-02-22 11:28:30 #2 type] 
Type tacticalRPG.game.Game is not enhanced.

[2016-02-22 11:28:30 #3 type.registry] 
New type tacticalRPG.game.Actor

[2016-02-22 11:28:30 #4 type.registry] 
New type java.util.ArrayList<tacticalRPG.game.Actor>

[2016-02-22 11:28:30 #5 store] 
Database '/Users/David/Google Drive/tacticalRPG/db/games.odb' is closed by 30222@Davids-MacBook-Pro-4.local

------------------------------------------------------------------------------------------------------------------------

[2016-02-22 11:28:47 #1 store] 
Database '/Users/David/Google Drive/tacticalRPG/db/games.odb' is opened by 30236@Davids-MacBook-Pro-4.local

[2016-02-22 11:28:47 #2 type] 
Type tacticalRPG.game.Game is not enhanced.

[2016-02-22 11:28:47 #3 store] 
Database '/Users/David/Google Drive/tacticalRPG/db/games.odb' is closed by 30236@Davids-MacBook-Pro-4.local

------------------------------------------------------------------------------------------------------------------------

[2016-02-22 11:29:49 #1 store] 
Database '/Users/David/Google Drive/tacticalRPG/db/games.odb' is opened by 30277@Davids-MacBook-Pro-4.local

[2016-02-22 11:29:49 #2 type] 
Type tacticalRPG.game.Game is not enhanced.

[2016-02-22 11:29:49 #3 store] 
Database '/Users/David/Google Drive/tacticalRPG/db/games.odb' is closed by 30277@Davids-MacBook-Pro-4.local

------------------------------------------------------------------------------------------------------------------------

[2016-02-22 11:30:11 #1 store] 
Database '/Users/David/Google Drive/tacticalRPG/db/games.odb' is opened by 30303@Davids-MacBook-Pro-4.local

[2016-02-22 11:30:11 #2 type] 
Type tacticalRPG.game.Game is not enhanced.

[2016-02-22 11:30:12 #3 store] 
Database '/Users/David/Google Drive/tacticalRPG/db/games.odb' is closed by 30303@Davids-MacBook-Pro-4.local

------------------------------------------------------------------------------------------------------------------------

[2016-02-22 11:35:57 #1 store] 
Database '/Users/David/Google Drive/tacticalRPG/db/games.odb' is opened by 30544@Davids-MacBook-Pro-4.local

[2016-02-22 11:35:57 #2 type] 
Type tacticalRPG.game.Game is not enhanced.

[2016-02-22 11:35:57 #3 store] 
Database '/Users/David/Google Drive/tacticalRPG/db/games.odb' is closed by 30544@Davids-MacBook-Pro-4.local

------------------------------------------------------------------------------------------------------------------------

[2016-02-22 11:36:40 #1 store] 
Database '/Users/David/Google Drive/tacticalRPG/db/games.odb' is opened by 30576@Davids-MacBook-Pro-4.local

[2016-02-22 11:36:40 #2 type] 
Type tacticalRPG.game.Game is not enhanced.

[2016-02-22 11:36:40 #3 store] 
Database '/Users/David/Google Drive/tacticalRPG/db/games.odb' is closed by 30576@Davids-MacBook-Pro-4.local

------------------------------------------------------------------------------------------------------------------------

[2016-02-22 11:37:18 #1 store] 
Database '/Users/David/Google Drive/tacticalRPG/db/games.odb' is opened by 30602@Davids-MacBook-Pro-4.local

[2016-02-22 11:37:18 #2 type] 
Type tacticalRPG.game.Game is not enhanced.

[2016-02-22 11:37:18 #3 store] 
Database '/Users/David/Google Drive/tacticalRPG/db/games.odb' is closed by 30602@Davids-MacBook-Pro-4.local

------------------------------------------------------------------------------------------------------------------------

[2016-02-22 11:39:07 #1 store] 
Database '/Users/David/Google Drive/tacticalRPG/db/games.odb' is opened by 30674@Davids-MacBook-Pro-4.local

[2016-02-22 11:39:07 #2 type] 
Type tacticalRPG.game.Game is not enhanced.

[2016-02-22 11:39:07 #3 store] 
Database '/Users/David/Google Drive/tacticalRPG/db/games.odb' is closed by 30674@Davids-MacBook-Pro-4.local

------------------------------------------------------------------------------------------------------------------------

[2016-02-22 11:41:47 #1 store] 
Database '/Users/David/Google Drive/tacticalRPG/db/games.odb' is opened by 30784@Davids-MacBook-Pro-4.local

[2016-02-22 11:41:47 #2 type] 
Type tacticalRPG.game.Game is not enhanced.

[2016-02-22 11:41:47 #3 store] 
Database '/Users/David/Google Drive/tacticalRPG/db/games.odb' is closed by 30784@Davids-MacBook-Pro-4.local

------------------------------------------------------------------------------------------------------------------------

[2016-02-22 11:42:02 #1 store] 
Database '/Users/David/Google Drive/tacticalRPG/db/games.odb' is opened by 30798@Davids-MacBook-Pro-4.local

[2016-02-22 11:42:03 #2 type] 
Type tacticalRPG.game.Game is not enhanced.

[2016-02-22 11:42:03 #3 store] 
Database '/Users/David/Google Drive/tacticalRPG/db/games.odb' is closed by 30798@Davids-MacBook-Pro-4.local

------------------------------------------------------------------------------------------------------------------------

[2016-02-22 11:42:17 #1 store] 
Database '/Users/David/Google Drive/tacticalRPG/db/games.odb' is opened by 30812@Davids-MacBook-Pro-4.local

[2016-02-22 11:42:17 #2 type] 
Type tacticalRPG.game.Game is not enhanced.

[2016-02-22 11:42:17 #3 store] 
Database '/Users/David/Google Drive/tacticalRPG/db/games.odb' is closed by 30812@Davids-MacBook-Pro-4.local

------------------------------------------------------------------------------------------------------------------------

[2016-02-22 11:42:38 #1 store] 
Database '/Users/David/Google Drive/tacticalRPG/db/games.odb' is opened by 30829@Davids-MacBook-Pro-4.local

[2016-02-22 11:42:39 #2 type] 
Type tacticalRPG.game.Game is not enhanced.

[2016-02-22 11:42:39 #3 store] 
Database '/Users/David/Google Drive/tacticalRPG/db/games.odb' is closed by 30829@Davids-MacBook-Pro-4.local

------------------------------------------------------------------------------------------------------------------------

[2016-02-22 11:43:46 #1 store] 
Database '/Users/David/Google Drive/tacticalRPG/db/games.odb' is opened by 30887@Davids-MacBook-Pro-4.local

[2016-02-22 11:43:46 #2 type] 
Type tacticalRPG.game.Game is not enhanced.

[2016-02-22 11:43:46 #3 store] 
Database '/Users/David/Google Drive/tacticalRPG/db/games.odb' is closed by 30887@Davids-MacBook-Pro-4.local

------------------------------------------------------------------------------------------------------------------------

[2016-02-22 11:44:34 #1 store] 
Database '/Users/David/Google Drive/tacticalRPG/db/games.odb' is opened by 30924@Davids-MacBook-Pro-4.local

[2016-02-22 11:44:34 #2 type] 
Type tacticalRPG.game.Game is not enhanced.

[2016-02-22 11:44:34 #3 store] 
Database '/Users/David/Google Drive/tacticalRPG/db/games.odb' is closed by 30924@Davids-MacBook-Pro-4.local

------------------------------------------------------------------------------------------------------------------------

[2016-02-22 11:44:57 #1 store] 
Database '/Users/David/Google Drive/tacticalRPG/db/games.odb' is opened by 30942@Davids-MacBook-Pro-4.local

[2016-02-22 11:44:57 #2 type] 
Type tacticalRPG.game.Game is not enhanced.

[2016-02-22 11:44:57 #3 store] 
Database '/Users/David/Google Drive/tacticalRPG/db/games.odb' is closed by 30942@Davids-MacBook-Pro-4.local

------------------------------------------------------------------------------------------------------------------------

[2016-02-22 11:50:24 #1 store] 
Database '/Users/David/Google Drive/tacticalRPG/db/games.odb' is opened by 31173@Davids-MacBook-Pro-4.local

[2016-02-22 11:50:24 #2 type] 
Type tacticalRPG.game.Game is not enhanced.

[2016-02-22 11:50:24 #3 store] 
Database '/Users/David/Google Drive/tacticalRPG/db/games.odb' is closed by 31173@Davids-MacBook-Pro-4.local

------------------------------------------------------------------------------------------------------------------------

[2016-02-22 11:58:39 #1 store] 
Database '/Users/David/Google Drive/tacticalRPG/db/games.odb' is opened by 31528@Davids-MacBook-Pro-4.local

[2016-02-22 11:58:39 #2 type] 
Type tacticalRPG.game.Game is not enhanced.

[2016-02-22 11:58:39 #3 store] 
Database '/Users/David/Google Drive/tacticalRPG/db/games.odb' is closed by 31528@Davids-MacBook-Pro-4.local

------------------------------------------------------------------------------------------------------------------------

[2016-02-22 12:00:17 #1 store] 
Database '/Users/David/Google Drive/tacticalRPG/db/games.odb' is opened by 31600@Davids-MacBook-Pro-4.local

[2016-02-22 12:00:18 #2 type] 
Type tacticalRPG.game.Game is not enhanced.

[2016-02-22 12:00:18 #3 store] 
Database '/Users/David/Google Drive/tacticalRPG/db/games.odb' is closed by 31600@Davids-MacBook-Pro-4.local

------------------------------------------------------------------------------------------------------------------------

[2016-02-22 12:00:30 #1 store] 
Database '/Users/David/Google Drive/tacticalRPG/db/games.odb' is opened by 31614@Davids-MacBook-Pro-4.local

[2016-02-22 12:00:31 #2 type] 
Type tacticalRPG.game.Game is not enhanced.

[2016-02-22 12:00:31 #3 store] 
Database '/Users/David/Google Drive/tacticalRPG/db/games.odb' is closed by 31614@Davids-MacBook-Pro-4.local

------------------------------------------------------------------------------------------------------------------------

[2016-02-22 12:01:04 #1 store] 
Database '/Users/David/Google Drive/tacticalRPG/db/games.odb' is opened by 31637@Davids-MacBook-Pro-4.local

[2016-02-22 12:01:04 #2 type] 
Type tacticalRPG.game.Game is not enhanced.

[2016-02-22 12:01:04 #3 store] 
Database '/Users/David/Google Drive/tacticalRPG/db/games.odb' is closed by 31637@Davids-MacBook-Pro-4.local

------------------------------------------------------------------------------------------------------------------------

[2016-02-22 12:01:41 #1 store] 
Database '/Users/David/Google Drive/tacticalRPG/db/games.odb' is opened by 31671@Davids-MacBook-Pro-4.local

[2016-02-22 12:01:42 #2 type] 
Type tacticalRPG.game.Game is not enhanced.

[2016-02-22 12:01:42 #3 store] 
Database '/Users/David/Google Drive/tacticalRPG/db/games.odb' is closed by 31671@Davids-MacBook-Pro-4.local

------------------------------------------------------------------------------------------------------------------------

[2016-02-22 12:02:09 #1 store] 
Database '/Users/David/Google Drive/tacticalRPG/db/games.odb' is opened by 31694@Davids-MacBook-Pro-4.local

[2016-02-22 12:02:09 #2 type] 
Type tacticalRPG.game.Game is not enhanced.

[2016-02-22 12:02:10 #3 store] 
Database '/Users/David/Google Drive/tacticalRPG/db/games.odb' is closed by 31694@Davids-MacBook-Pro-4.local

------------------------------------------------------------------------------------------------------------------------

[2016-02-22 12:02:25 #1 store] 
Database '/Users/David/Google Drive/tacticalRPG/db/games.odb' is opened by 31708@Davids-MacBook-Pro-4.local

[2016-02-22 12:02:25 #2 type] 
Type tacticalRPG.game.Game is not enhanced.

[2016-02-22 12:02:25 #3 store] 
Database '/Users/David/Google Drive/tacticalRPG/db/games.odb' is closed by 31708@Davids-MacBook-Pro-4.local

------------------------------------------------------------------------------------------------------------------------

[2016-02-22 12:04:00 #1 store] 
Database '/Users/David/Google Drive/tacticalRPG/db/games.odb' is opened by 31782@Davids-MacBook-Pro-4.local

[2016-02-22 12:04:01 #2 type] 
Type tacticalRPG.game.Game is not enhanced.

[2016-02-22 12:04:01 #3 store] 
Database '/Users/David/Google Drive/tacticalRPG/db/games.odb' is closed by 31782@Davids-MacBook-Pro-4.local

------------------------------------------------------------------------------------------------------------------------

[2016-02-22 12:04:15 #1 store] 
Database '/Users/David/Google Drive/tacticalRPG/db/games.odb' is opened by 31796@Davids-MacBook-Pro-4.local

[2016-02-22 12:04:15 #2 type] 
Type tacticalRPG.game.Game is not enhanced.

[2016-02-22 12:04:15 #3 store] 
Database '/Users/David/Google Drive/tacticalRPG/db/games.odb' is closed by 31796@Davids-MacBook-Pro-4.local

------------------------------------------------------------------------------------------------------------------------

[2016-02-22 12:05:16 #1 store] 
Database '/Users/David/Google Drive/tacticalRPG/db/games.odb' is opened by 31835@Davids-MacBook-Pro-4.local

[2016-02-22 12:05:16 #2 type] 
Type tacticalRPG.game.Game is not enhanced.

[2016-02-22 12:05:16 #3 store] 
Database '/Users/David/Google Drive/tacticalRPG/db/games.odb' is closed by 31835@Davids-MacBook-Pro-4.local

------------------------------------------------------------------------------------------------------------------------

[2016-02-22 12:06:04 #1 store] 
Database '/Users/David/Google Drive/tacticalRPG/db/games.odb' is opened by 31867@Davids-MacBook-Pro-4.local

[2016-02-22 12:06:04 #2 type] 
Type tacticalRPG.game.Game is not enhanced.

[2016-02-22 12:06:04 #3 store] 
Database '/Users/David/Google Drive/tacticalRPG/db/games.odb' is closed by 31867@Davids-MacBook-Pro-4.local

------------------------------------------------------------------------------------------------------------------------

[2016-02-22 15:33:45 #1 store] 
Database '/Users/David/Google Drive/tacticalRPG/db/games.odb' is opened by 33036@Davids-MacBook-Pro-4.local

[2016-02-22 15:33:45 #2 type] 
Type tacticalRPG.game.Game is not enhanced.

[2016-02-22 15:33:45 #3 store] 
Database '/Users/David/Google Drive/tacticalRPG/db/games.odb' is closed by 33036@Davids-MacBook-Pro-4.local

------------------------------------------------------------------------------------------------------------------------

[2016-02-22 15:45:03 #1 store] 
Database '/Users/David/Google Drive/tacticalRPG/db/games.odb' is opened by 33491@Davids-MacBook-Pro-4.local

[2016-02-22 15:45:03 #2 type] 
Type tacticalRPG.game.Game is not enhanced.

[2016-02-22 15:45:03 #3 store] 
Database '/Users/David/Google Drive/tacticalRPG/db/games.odb' is closed by 33491@Davids-MacBook-Pro-4.local

------------------------------------------------------------------------------------------------------------------------

[2016-02-22 15:45:29 #1 store] 
Database '/Users/David/Google Drive/tacticalRPG/db/games.odb' is opened by 33511@Davids-MacBook-Pro-4.local

[2016-02-22 15:45:29 #2 type] 
Type tacticalRPG.game.Game is not enhanced.

[2016-02-22 15:45:29 #3 store] 
Database '/Users/David/Google Drive/tacticalRPG/db/games.odb' is closed by 33511@Davids-MacBook-Pro-4.local

------------------------------------------------------------------------------------------------------------------------

[2016-02-22 15:45:44 #1 store] 
Database '/Users/David/Google Drive/tacticalRPG/db/games.odb' is opened by 33524@Davids-MacBook-Pro-4.local

[2016-02-22 15:45:44 #2 type] 
Type tacticalRPG.game.Game is not enhanced.

[2016-02-22 15:45:44 #3 store] 
Database '/Users/David/Google Drive/tacticalRPG/db/games.odb' is closed by 33524@Davids-MacBook-Pro-4.local

------------------------------------------------------------------------------------------------------------------------

[2016-02-22 15:46:02 #1 store] 
Database '/Users/David/Google Drive/tacticalRPG/db/games.odb' is opened by 33541@Davids-MacBook-Pro-4.local

[2016-02-22 15:46:02 #2 type] 
Type tacticalRPG.game.Game is not enhanced.

[2016-02-22 15:46:03 #3 store] 
Database '/Users/David/Google Drive/tacticalRPG/db/games.odb' is closed by 33541@Davids-MacBook-Pro-4.local

------------------------------------------------------------------------------------------------------------------------

[2016-02-22 15:47:37 #1 store] 
Database '/Users/David/Google Drive/tacticalRPG/db/games.odb' is opened by 33609@Davids-MacBook-Pro-4.local

[2016-02-22 15:47:37 #2 type] 
Type tacticalRPG.game.Game is not enhanced.

[2016-02-22 15:47:37 #3 store] 
Database '/Users/David/Google Drive/tacticalRPG/db/games.odb' is closed by 33609@Davids-MacBook-Pro-4.local

------------------------------------------------------------------------------------------------------------------------

[2016-02-22 15:48:48 #1 store] 
Database '/Users/David/Google Drive/tacticalRPG/db/games.odb' is opened by 33658@Davids-MacBook-Pro-4.local

[2016-02-22 15:48:48 #2 type] 
Type tacticalRPG.game.Game is not enhanced.

[2016-02-22 15:48:48 #3 store] 
Database '/Users/David/Google Drive/tacticalRPG/db/games.odb' is closed by 33658@Davids-MacBook-Pro-4.local

------------------------------------------------------------------------------------------------------------------------

[2016-02-22 15:49:05 #1 store] 
Database '/Users/David/Google Drive/tacticalRPG/db/games.odb' is opened by 33672@Davids-MacBook-Pro-4.local

[2016-02-22 15:49:05 #2 type] 
Type tacticalRPG.game.Game is not enhanced.

[2016-02-22 15:49:05 #3 store] 
Database '/Users/David/Google Drive/tacticalRPG/db/games.odb' is closed by 33672@Davids-MacBook-Pro-4.local

------------------------------------------------------------------------------------------------------------------------

[2016-02-22 15:49:46 #1 store] 
Database '/Users/David/Google Drive/tacticalRPG/db/games.odb' is opened by 33701@Davids-MacBook-Pro-4.local

[2016-02-22 15:49:46 #2 type] 
Type tacticalRPG.game.Game is not enhanced.

[2016-02-22 15:49:46 #3 store] 
Database '/Users/David/Google Drive/tacticalRPG/db/games.odb' is closed by 33701@Davids-MacBook-Pro-4.local

------------------------------------------------------------------------------------------------------------------------

[2016-02-22 15:53:01 #1 store] 
Database '/Users/David/Google Drive/tacticalRPG/db/games.odb' is opened by 33826@Davids-MacBook-Pro-4.local

[2016-02-22 15:53:02 #2 type] 
Type tacticalRPG.game.Game is not enhanced.

[2016-02-22 15:53:02 #3 store] 
Database '/Users/David/Google Drive/tacticalRPG/db/games.odb' is closed by 33826@Davids-MacBook-Pro-4.local

------------------------------------------------------------------------------------------------------------------------

[2016-02-22 15:59:48 #1 store] 
Database '/Users/David/Google Drive/tacticalRPG/db/games.odb' is opened by 34098@Davids-MacBook-Pro-4.local

[2016-02-22 15:59:48 #2 type] 
Type tacticalRPG.game.Game is not enhanced.

[2016-02-22 15:59:48 #3 store] 
Database '/Users/David/Google Drive/tacticalRPG/db/games.odb' is closed by 34098@Davids-MacBook-Pro-4.local

------------------------------------------------------------------------------------------------------------------------

[2016-02-22 16:00:13 #1 store] 
Database '/Users/David/Google Drive/tacticalRPG/db/games.odb' is opened by 34118@Davids-MacBook-Pro-4.local

[2016-02-22 16:00:13 #2 type] 
Type tacticalRPG.game.Game is not enhanced.

[2016-02-22 16:00:13 #3 store] 
Database '/Users/David/Google Drive/tacticalRPG/db/games.odb' is closed by 34118@Davids-MacBook-Pro-4.local

------------------------------------------------------------------------------------------------------------------------

[2016-02-22 16:00:49 #1 store] 
Database '/Users/David/Google Drive/tacticalRPG/db/games.odb' is opened by 34144@Davids-MacBook-Pro-4.local

[2016-02-22 16:00:49 #2 type] 
Type tacticalRPG.game.Game is not enhanced.

[2016-02-22 16:00:49 #3 store] 
Database '/Users/David/Google Drive/tacticalRPG/db/games.odb' is closed by 34144@Davids-MacBook-Pro-4.local

------------------------------------------------------------------------------------------------------------------------

[2016-02-22 16:01:56 #1 store] 
Database '/Users/David/Google Drive/tacticalRPG/db/games.odb' is opened by 34204@Davids-MacBook-Pro-4.local

[2016-02-22 16:01:56 #2 type] 
Type tacticalRPG.game.Game is not enhanced.

[2016-02-22 16:01:56 #3 store] 
Database '/Users/David/Google Drive/tacticalRPG/db/games.odb' is closed by 34204@Davids-MacBook-Pro-4.local

