------------------------------------------------------------------------------------------------------------------------

[2016-02-19 11:37:01 #1 server] 
Server on port 6136 has started by 74073@Davids-MacBook-Pro-4.local

------------------------------------------------------------------------------------------------------------------------

[2016-02-19 11:48:55 #1 server] 
Server on port 6136 has started by 74580@Davids-MacBook-Pro-4.local

------------------------------------------------------------------------------------------------------------------------

[2016-02-19 11:49:12 #1 store] 
Database '/Users/David/Google Drive/tacticalRPG/db/games.odb' is opened by 74600@Davids-MacBook-Pro-4.local

[2016-02-19 11:49:13 #2 type.registry] 
New type tacticalRPG.game.Game

[2016-02-19 11:49:13 #3 type] 
Type tacticalRPG.game.Game is not enhanced.

[2016-02-19 11:49:13 #4 store] 
Database '/Users/David/Google Drive/tacticalRPG/db/games.odb' is closed by 74600@Davids-MacBook-Pro-4.local

------------------------------------------------------------------------------------------------------------------------

[2016-02-19 12:05:34 #1 store] 
Database '/Users/David/Google Drive/tacticalRPG/db/games.odb' is opened by 75248@Davids-MacBook-Pro-4.local

[2016-02-19 12:05:34 #2 type] 
Type tacticalRPG.game.Game is not enhanced.

[2016-02-19 12:05:34 #3 type.registry] 
New type tacticalRPG.game.Grid

[2016-02-19 12:05:34 #4 store] 
Database '/Users/David/Google Drive/tacticalRPG/db/games.odb' is closed by 75248@Davids-MacBook-Pro-4.local

------------------------------------------------------------------------------------------------------------------------

[2016-02-19 12:07:56 #1 store] 
Database '/Users/David/Google Drive/tacticalRPG/db/games.odb' is opened by 75351@Davids-MacBook-Pro-4.local

[2016-02-19 12:07:56 #2 type] 
Type tacticalRPG.game.Game is not enhanced.

[2016-02-19 12:07:57 #3 store] 
Database '/Users/David/Google Drive/tacticalRPG/db/games.odb' is closed by 75351@Davids-MacBook-Pro-4.local

------------------------------------------------------------------------------------------------------------------------

[2016-02-19 12:08:15 #1 store] 
Database '/Users/David/Google Drive/tacticalRPG/db/games.odb' is opened by 75365@Davids-MacBook-Pro-4.local

[2016-02-19 12:08:15 #2 type] 
Type tacticalRPG.game.Game is not enhanced.

[2016-02-19 12:08:15 #3 store] 
Database '/Users/David/Google Drive/tacticalRPG/db/games.odb' is closed by 75365@Davids-MacBook-Pro-4.local

------------------------------------------------------------------------------------------------------------------------

[2016-02-19 12:15:30 #1 store] 
Database '/Users/David/Google Drive/tacticalRPG/db/games.odb' is opened by 75665@Davids-MacBook-Pro-4.local

[2016-02-19 12:15:30 #2 type] 
Type tacticalRPG.game.Game is not enhanced.

[2016-02-19 12:15:30 #3 store] 
Database '/Users/David/Google Drive/tacticalRPG/db/games.odb' is closed by 75665@Davids-MacBook-Pro-4.local

------------------------------------------------------------------------------------------------------------------------

[2016-02-19 12:23:29 #1 store] 
Database '/Users/David/Google Drive/tacticalRPG/db/games.odb' is opened by 75977@Davids-MacBook-Pro-4.local

[2016-02-19 12:23:29 #2 type] 
Type tacticalRPG.game.Game is not enhanced.

[2016-02-19 12:23:29 #3 store] 
Database '/Users/David/Google Drive/tacticalRPG/db/games.odb' is closed by 75977@Davids-MacBook-Pro-4.local

------------------------------------------------------------------------------------------------------------------------

[2016-02-19 12:23:46 #1 store] 
Database '/Users/David/Google Drive/tacticalRPG/db/games.odb' is opened by 75998@Davids-MacBook-Pro-4.local

[2016-02-19 12:23:46 #2 type] 
Type tacticalRPG.game.Game is not enhanced.

[2016-02-19 12:23:46 #3 store] 
Database '/Users/David/Google Drive/tacticalRPG/db/games.odb' is closed by 75998@Davids-MacBook-Pro-4.local

------------------------------------------------------------------------------------------------------------------------

[2016-02-19 12:24:46 #1 store] 
Database '/Users/David/Google Drive/tacticalRPG/db/games.odb' is opened by 76040@Davids-MacBook-Pro-4.local

[2016-02-19 12:24:46 #2 type] 
Type tacticalRPG.game.Game is not enhanced.

[2016-02-19 12:24:46 #3 store] 
Database '/Users/David/Google Drive/tacticalRPG/db/games.odb' is closed by 76040@Davids-MacBook-Pro-4.local

------------------------------------------------------------------------------------------------------------------------

[2016-02-19 12:25:46 #1 store] 
Database '/Users/David/Google Drive/tacticalRPG/db/games.odb' is opened by 76081@Davids-MacBook-Pro-4.local

[2016-02-19 12:25:46 #2 type] 
Type tacticalRPG.game.Game is not enhanced.

[2016-02-19 12:25:46 #3 store] 
Database '/Users/David/Google Drive/tacticalRPG/db/games.odb' is closed by 76081@Davids-MacBook-Pro-4.local

------------------------------------------------------------------------------------------------------------------------

[2016-02-19 12:26:18 #1 store] 
Database '/Users/David/Google Drive/tacticalRPG/db/games.odb' is opened by 76107@Davids-MacBook-Pro-4.local

[2016-02-19 12:26:18 #2 type] 
Type tacticalRPG.game.Game is not enhanced.

[2016-02-19 12:26:18 #3 store] 
Database '/Users/David/Google Drive/tacticalRPG/db/games.odb' is closed by 76107@Davids-MacBook-Pro-4.local

------------------------------------------------------------------------------------------------------------------------

[2016-02-19 12:26:49 #1 store] 
Database '/Users/David/Google Drive/tacticalRPG/db/games.odb' is opened by 76130@Davids-MacBook-Pro-4.local

[2016-02-19 12:26:49 #2 type] 
Type tacticalRPG.game.Game is not enhanced.

[2016-02-19 12:26:49 #3 store] 
Database '/Users/David/Google Drive/tacticalRPG/db/games.odb' is closed by 76130@Davids-MacBook-Pro-4.local

------------------------------------------------------------------------------------------------------------------------

[2016-02-19 12:27:01 #1 store] 
Database '/Users/David/Google Drive/tacticalRPG/db/games.odb' is opened by 76141@Davids-MacBook-Pro-4.local

[2016-02-19 12:27:01 #2 type] 
Type tacticalRPG.game.Game is not enhanced.

[2016-02-19 12:27:02 #3 store] 
Database '/Users/David/Google Drive/tacticalRPG/db/games.odb' is closed by 76141@Davids-MacBook-Pro-4.local

------------------------------------------------------------------------------------------------------------------------

[2016-02-19 12:29:12 #1 store] 
Database '/Users/David/Google Drive/tacticalRPG/db/games.odb' is opened by 76238@Davids-MacBook-Pro-4.local

[2016-02-19 12:29:12 #2 type] 
Type tacticalRPG.game.Game is not enhanced.

[2016-02-19 12:29:12 #3 store] 
Database '/Users/David/Google Drive/tacticalRPG/db/games.odb' is closed by 76238@Davids-MacBook-Pro-4.local

------------------------------------------------------------------------------------------------------------------------

[2016-02-19 12:30:42 #1 store] 
Database '/Users/David/Google Drive/tacticalRPG/db/games.odb' is opened by 76297@Davids-MacBook-Pro-4.local

[2016-02-19 12:30:42 #2 type] 
Type tacticalRPG.game.Game is not enhanced.

[2016-02-19 12:30:42 #3 store] 
Database '/Users/David/Google Drive/tacticalRPG/db/games.odb' is closed by 76297@Davids-MacBook-Pro-4.local

------------------------------------------------------------------------------------------------------------------------

[2016-02-19 12:31:02 #1 store] 
Database '/Users/David/Google Drive/tacticalRPG/db/games.odb' is opened by 76317@Davids-MacBook-Pro-4.local

[2016-02-19 12:31:02 #2 type] 
Type tacticalRPG.game.Game is not enhanced.

[2016-02-19 12:31:02 #3 store] 
Database '/Users/David/Google Drive/tacticalRPG/db/games.odb' is closed by 76317@Davids-MacBook-Pro-4.local

------------------------------------------------------------------------------------------------------------------------

[2016-02-19 12:31:49 #1 store] 
Database '/Users/David/Google Drive/tacticalRPG/db/games.odb' is opened by 76349@Davids-MacBook-Pro-4.local

[2016-02-19 12:31:49 #2 type] 
Type tacticalRPG.game.Game is not enhanced.

[2016-02-19 12:31:49 #3 store] 
Database '/Users/David/Google Drive/tacticalRPG/db/games.odb' is closed by 76349@Davids-MacBook-Pro-4.local

------------------------------------------------------------------------------------------------------------------------

[2016-02-19 12:31:58 #1 store] 
Database '/Users/David/Google Drive/tacticalRPG/db/games.odb' is opened by 76360@Davids-MacBook-Pro-4.local

[2016-02-19 12:31:58 #2 type] 
Type tacticalRPG.game.Game is not enhanced.

[2016-02-19 12:31:58 #3 store] 
Database '/Users/David/Google Drive/tacticalRPG/db/games.odb' is closed by 76360@Davids-MacBook-Pro-4.local

------------------------------------------------------------------------------------------------------------------------

[2016-02-19 12:32:10 #1 store] 
Database '/Users/David/Google Drive/tacticalRPG/db/games.odb' is opened by 76371@Davids-MacBook-Pro-4.local

[2016-02-19 12:32:11 #2 type] 
Type tacticalRPG.game.Game is not enhanced.

[2016-02-19 12:32:11 #3 store] 
Database '/Users/David/Google Drive/tacticalRPG/db/games.odb' is closed by 76371@Davids-MacBook-Pro-4.local

------------------------------------------------------------------------------------------------------------------------

[2016-02-19 12:32:33 #1 store] 
Database '/Users/David/Google Drive/tacticalRPG/db/games.odb' is opened by 76391@Davids-MacBook-Pro-4.local

[2016-02-19 12:32:33 #2 type] 
Type tacticalRPG.game.Game is not enhanced.

[2016-02-19 12:32:34 #3 store] 
Database '/Users/David/Google Drive/tacticalRPG/db/games.odb' is closed by 76391@Davids-MacBook-Pro-4.local

------------------------------------------------------------------------------------------------------------------------

[2016-02-19 12:32:58 #1 store] 
Database '/Users/David/Google Drive/tacticalRPG/db/games.odb' is opened by 76414@Davids-MacBook-Pro-4.local

[2016-02-19 12:32:58 #2 type] 
Type tacticalRPG.game.Game is not enhanced.

[2016-02-19 12:32:58 #3 store] 
Database '/Users/David/Google Drive/tacticalRPG/db/games.odb' is closed by 76414@Davids-MacBook-Pro-4.local

------------------------------------------------------------------------------------------------------------------------

[2016-02-19 12:34:02 #1 store] 
Database '/Users/David/Google Drive/tacticalRPG/db/games.odb' is opened by 76458@Davids-MacBook-Pro-4.local

[2016-02-19 12:34:02 #2 type] 
Type tacticalRPG.game.Game is not enhanced.

[2016-02-19 12:34:02 #3 store] 
Database '/Users/David/Google Drive/tacticalRPG/db/games.odb' is closed by 76458@Davids-MacBook-Pro-4.local

------------------------------------------------------------------------------------------------------------------------

[2016-02-19 12:34:29 #1 store] 
Database '/Users/David/Google Drive/tacticalRPG/db/games.odb' is opened by 76479@Davids-MacBook-Pro-4.local

[2016-02-19 12:34:30 #2 type] 
Type tacticalRPG.game.Game is not enhanced.

[2016-02-19 12:34:30 #3 store] 
Database '/Users/David/Google Drive/tacticalRPG/db/games.odb' is closed by 76479@Davids-MacBook-Pro-4.local

------------------------------------------------------------------------------------------------------------------------

[2016-02-19 12:34:45 #1 store] 
Database '/Users/David/Google Drive/tacticalRPG/db/games.odb' is opened by 76493@Davids-MacBook-Pro-4.local

[2016-02-19 12:34:45 #2 type] 
Type tacticalRPG.game.Game is not enhanced.

[2016-02-19 12:34:45 #3 store] 
Database '/Users/David/Google Drive/tacticalRPG/db/games.odb' is closed by 76493@Davids-MacBook-Pro-4.local

------------------------------------------------------------------------------------------------------------------------

[2016-02-19 12:34:54 #1 store] 
Database '/Users/David/Google Drive/tacticalRPG/db/games.odb' is opened by 76504@Davids-MacBook-Pro-4.local

[2016-02-19 12:34:55 #2 type] 
Type tacticalRPG.game.Game is not enhanced.

[2016-02-19 12:34:55 #3 store] 
Database '/Users/David/Google Drive/tacticalRPG/db/games.odb' is closed by 76504@Davids-MacBook-Pro-4.local

------------------------------------------------------------------------------------------------------------------------

[2016-02-19 12:35:16 #1 store] 
Database '/Users/David/Google Drive/tacticalRPG/db/games.odb' is opened by 76521@Davids-MacBook-Pro-4.local

[2016-02-19 12:35:16 #2 type] 
Type tacticalRPG.game.Game is not enhanced.

[2016-02-19 12:35:17 #3 store] 
Database '/Users/David/Google Drive/tacticalRPG/db/games.odb' is closed by 76521@Davids-MacBook-Pro-4.local

------------------------------------------------------------------------------------------------------------------------

[2016-02-19 12:35:33 #1 store] 
Database '/Users/David/Google Drive/tacticalRPG/db/games.odb' is opened by 76538@Davids-MacBook-Pro-4.local

[2016-02-19 12:35:33 #2 type] 
Type tacticalRPG.game.Game is not enhanced.

[2016-02-19 12:35:33 #3 store] 
Database '/Users/David/Google Drive/tacticalRPG/db/games.odb' is closed by 76538@Davids-MacBook-Pro-4.local

------------------------------------------------------------------------------------------------------------------------

[2016-02-19 12:36:09 #1 store] 
Database '/Users/David/Google Drive/tacticalRPG/db/games.odb' is opened by 76564@Davids-MacBook-Pro-4.local

[2016-02-19 12:36:10 #2 type] 
Type tacticalRPG.game.Game is not enhanced.

[2016-02-19 12:36:10 #3 store] 
Database '/Users/David/Google Drive/tacticalRPG/db/games.odb' is closed by 76564@Davids-MacBook-Pro-4.local

------------------------------------------------------------------------------------------------------------------------

[2016-02-19 12:36:22 #1 store] 
Database '/Users/David/Google Drive/tacticalRPG/db/games.odb' is opened by 76575@Davids-MacBook-Pro-4.local

[2016-02-19 12:36:22 #2 type] 
Type tacticalRPG.game.Game is not enhanced.

[2016-02-19 12:36:22 #3 store] 
Database '/Users/David/Google Drive/tacticalRPG/db/games.odb' is closed by 76575@Davids-MacBook-Pro-4.local

------------------------------------------------------------------------------------------------------------------------

[2016-02-19 12:36:36 #1 store] 
Database '/Users/David/Google Drive/tacticalRPG/db/games.odb' is opened by 76589@Davids-MacBook-Pro-4.local

[2016-02-19 12:36:36 #2 type] 
Type tacticalRPG.game.Game is not enhanced.

[2016-02-19 12:36:37 #3 store] 
Database '/Users/David/Google Drive/tacticalRPG/db/games.odb' is closed by 76589@Davids-MacBook-Pro-4.local

------------------------------------------------------------------------------------------------------------------------

[2016-02-19 15:35:57 #1 store] 
Database '/Users/David/Google Drive/tacticalRPG/db/games.odb' is opened by 78049@Davids-MacBook-Pro-4.local

[2016-02-19 15:35:57 #2 type] 
Type tacticalRPG.game.Game is not enhanced.

[2016-02-19 15:35:57 #3 store] 
Database '/Users/David/Google Drive/tacticalRPG/db/games.odb' is closed by 78049@Davids-MacBook-Pro-4.local

------------------------------------------------------------------------------------------------------------------------

[2016-02-19 15:42:51 #1 store] 
Database '/Users/David/Google Drive/tacticalRPG/db/games.odb' is opened by 78326@Davids-MacBook-Pro-4.local

[2016-02-19 15:42:51 #2 type] 
Type tacticalRPG.game.Game is not enhanced.

[2016-02-19 15:42:51 #3 store] 
Database '/Users/David/Google Drive/tacticalRPG/db/games.odb' is closed by 78326@Davids-MacBook-Pro-4.local

------------------------------------------------------------------------------------------------------------------------

[2016-02-19 15:57:03 #1 store] 
Database '/Users/David/Google Drive/tacticalRPG/db/games.odb' is opened by 78879@Davids-MacBook-Pro-4.local

[2016-02-19 15:57:03 #2 type] 
Type tacticalRPG.game.Game is not enhanced.

[2016-02-19 15:57:03 #3 store] 
Database '/Users/David/Google Drive/tacticalRPG/db/games.odb' is closed by 78879@Davids-MacBook-Pro-4.local

------------------------------------------------------------------------------------------------------------------------

[2016-02-19 16:03:13 #1 store] 
Database '/Users/David/Google Drive/tacticalRPG/db/games.odb' is opened by 79160@Davids-MacBook-Pro-4.local

[2016-02-19 16:03:13 #2 type] 
Type tacticalRPG.game.Game is not enhanced.

[2016-02-19 16:03:14 #3 store] 
Database '/Users/David/Google Drive/tacticalRPG/db/games.odb' is closed by 79160@Davids-MacBook-Pro-4.local

------------------------------------------------------------------------------------------------------------------------

[2016-02-19 16:15:21 #1 store] 
Database '/Users/David/Google Drive/tacticalRPG/db/games.odb' is opened by 79667@Davids-MacBook-Pro-4.local

[2016-02-19 16:15:21 #2 type] 
Type tacticalRPG.game.Game is not enhanced.

[2016-02-19 16:15:21 #3 store] 
Database '/Users/David/Google Drive/tacticalRPG/db/games.odb' is closed by 79667@Davids-MacBook-Pro-4.local

------------------------------------------------------------------------------------------------------------------------

[2016-02-19 16:21:11 #1 store] 
Database '/Users/David/Google Drive/tacticalRPG/db/games.odb' is opened by 79884@Davids-MacBook-Pro-4.local

[2016-02-19 16:21:11 #2 type] 
Type tacticalRPG.game.Game is not enhanced.

[2016-02-19 16:21:11 #3 store] 
Database '/Users/David/Google Drive/tacticalRPG/db/games.odb' is closed by 79884@Davids-MacBook-Pro-4.local

------------------------------------------------------------------------------------------------------------------------

[2016-02-19 16:25:18 #1 store] 
Database '/Users/David/Google Drive/tacticalRPG/db/games.odb' is opened by 80044@Davids-MacBook-Pro-4.local

[2016-02-19 16:25:18 #2 type] 
Type tacticalRPG.game.Game is not enhanced.

[2016-02-19 16:25:18 #3 store] 
Database '/Users/David/Google Drive/tacticalRPG/db/games.odb' is closed by 80044@Davids-MacBook-Pro-4.local

------------------------------------------------------------------------------------------------------------------------

[2016-02-19 16:29:58 #1 store] 
Database '/Users/David/Google Drive/tacticalRPG/db/games.odb' is opened by 80219@Davids-MacBook-Pro-4.local

[2016-02-19 16:29:58 #2 type] 
Type tacticalRPG.game.Game is not enhanced.

[2016-02-19 16:29:58 #3 store] 
Database '/Users/David/Google Drive/tacticalRPG/db/games.odb' is closed by 80219@Davids-MacBook-Pro-4.local

------------------------------------------------------------------------------------------------------------------------

[2016-02-19 16:32:40 #1 store] 
Database '/Users/David/Google Drive/tacticalRPG/db/games.odb' is opened by 80321@Davids-MacBook-Pro-4.local

[2016-02-19 16:32:40 #2 type] 
Type tacticalRPG.game.Game is not enhanced.

[2016-02-19 16:32:40 #3 store] 
Database '/Users/David/Google Drive/tacticalRPG/db/games.odb' is closed by 80321@Davids-MacBook-Pro-4.local

------------------------------------------------------------------------------------------------------------------------

[2016-02-19 16:36:14 #1 store] 
Database '/Users/David/Google Drive/tacticalRPG/db/games.odb' is opened by 80463@Davids-MacBook-Pro-4.local

[2016-02-19 16:36:15 #2 type] 
Type tacticalRPG.game.Game is not enhanced.

[2016-02-19 16:36:15 #3 store] 
Database '/Users/David/Google Drive/tacticalRPG/db/games.odb' is closed by 80463@Davids-MacBook-Pro-4.local

------------------------------------------------------------------------------------------------------------------------

[2016-02-19 16:37:23 #1 store] 
Database '/Users/David/Google Drive/tacticalRPG/db/games.odb' is opened by 80511@Davids-MacBook-Pro-4.local

[2016-02-19 16:37:23 #2 type] 
Type tacticalRPG.game.Game is not enhanced.

[2016-02-19 16:37:24 #3 store] 
Database '/Users/David/Google Drive/tacticalRPG/db/games.odb' is closed by 80511@Davids-MacBook-Pro-4.local

------------------------------------------------------------------------------------------------------------------------

[2016-02-19 16:51:17 #1 store] 
Database '/Users/David/Google Drive/tacticalRPG/db/games.odb' is opened by 81053@Davids-MacBook-Pro-4.local

[2016-02-19 16:51:17 #2 type] 
Type tacticalRPG.game.Game is not enhanced.

[2016-02-19 16:51:17 #3 store] 
Database '/Users/David/Google Drive/tacticalRPG/db/games.odb' is closed by 81053@Davids-MacBook-Pro-4.local

------------------------------------------------------------------------------------------------------------------------

[2016-02-19 16:51:41 #1 store] 
Database '/Users/David/Google Drive/tacticalRPG/db/games.odb' is opened by 81071@Davids-MacBook-Pro-4.local

[2016-02-19 16:51:41 #2 type] 
Type tacticalRPG.game.Game is not enhanced.

[2016-02-19 16:51:41 #3 store] 
Database '/Users/David/Google Drive/tacticalRPG/db/games.odb' is closed by 81071@Davids-MacBook-Pro-4.local

------------------------------------------------------------------------------------------------------------------------

[2016-02-19 16:53:16 #1 store] 
Database '/Users/David/Google Drive/tacticalRPG/db/games.odb' is opened by 81139@Davids-MacBook-Pro-4.local

[2016-02-19 16:53:16 #2 type] 
Type tacticalRPG.game.Game is not enhanced.

[2016-02-19 16:53:16 #3 store] 
Database '/Users/David/Google Drive/tacticalRPG/db/games.odb' is closed by 81139@Davids-MacBook-Pro-4.local

------------------------------------------------------------------------------------------------------------------------

[2016-02-19 16:53:46 #1 store] 
Database '/Users/David/Google Drive/tacticalRPG/db/games.odb' is opened by 81162@Davids-MacBook-Pro-4.local

[2016-02-19 16:53:46 #2 type] 
Type tacticalRPG.game.Game is not enhanced.

[2016-02-19 16:53:46 #3 store] 
Database '/Users/David/Google Drive/tacticalRPG/db/games.odb' is closed by 81162@Davids-MacBook-Pro-4.local

------------------------------------------------------------------------------------------------------------------------

[2016-02-19 16:54:42 #1 store] 
Database '/Users/David/Google Drive/tacticalRPG/db/games.odb' is opened by 81207@Davids-MacBook-Pro-4.local

[2016-02-19 16:54:42 #2 type] 
Type tacticalRPG.game.Game is not enhanced.

[2016-02-19 16:54:42 #3 store] 
Database '/Users/David/Google Drive/tacticalRPG/db/games.odb' is closed by 81207@Davids-MacBook-Pro-4.local

